e:\ado_rebuild\oligodesign\x64\release\vc142.pdb
e:\ado_rebuild\oligodesign\x64\release\main.obj
e:\ado_rebuild\oligodesign\x64\release\utils.obj
e:\ado_rebuild\oligodesign\x64\release\msa.obj
e:\ado_rebuild\oligodesign\x64\release\oligodesign.exe
e:\ado_rebuild\oligodesign\x64\release\oligodesign.pdb
e:\ado_rebuild\oligodesign\x64\release\oligodesign.ipdb
e:\ado_rebuild\oligodesign\x64\release\oligodesign.iobj
d:\homolib_v2\oligodesign\x64\release\main.obj
d:\homolib_v2\oligodesign\x64\release\msa.obj
d:\homolib_v2\oligodesign\x64\release\utils.obj
d:\homolib_v2\oligodesign\x64\release\oligodesign.ipdb
d:\homolib_v2\oligodesign\x64\release\oligodesign.iobj
d:\homolib_v2\oligodesign\x64\release\oligodesign.pdb
d:\homolib_v2\oligodesign\x64\release\vc142.pdb
d:\homolib_v2\oligodesign\x64\release\oligodesign.tlog\cl.command.1.tlog
d:\homolib_v2\oligodesign\x64\release\oligodesign.tlog\cl.read.1.tlog
d:\homolib_v2\oligodesign\x64\release\oligodesign.tlog\cl.write.1.tlog
d:\homolib_v2\oligodesign\x64\release\oligodesign.tlog\link.command.1.tlog
d:\homolib_v2\oligodesign\x64\release\oligodesign.tlog\link.read.1.tlog
d:\homolib_v2\oligodesign\x64\release\oligodesign.tlog\link.write.1.tlog
d:\homolib_v2\oligodesign\x64\release\oligodesign.tlog\oligodesign.write.1u.tlog
