e:\ado_rebuild\oligodesign_low\x64\release\vc142.pdb
e:\ado_rebuild\oligodesign_low\x64\release\source.obj
e:\ado_rebuild\oligodesign_low\x64\release\utils.obj
e:\ado_rebuild\oligodesign_low\x64\release\msa.obj
e:\ado_rebuild\oligodesign_low\x64\release\oligodesign_low.exe
e:\ado_rebuild\oligodesign_low\x64\release\oligodesign_low.pdb
e:\ado_rebuild\oligodesign_low\x64\release\oligodesign_low.ipdb
e:\ado_rebuild\oligodesign_low\x64\release\oligodesign_low.iobj
d:\homolib_v2\oligodesign_low\x64\release\msa.obj
d:\homolib_v2\oligodesign_low\x64\release\source.obj
d:\homolib_v2\oligodesign_low\x64\release\utils.obj
d:\homolib_v2\oligodesign_low\x64\release\oligodesign_low.ipdb
d:\homolib_v2\oligodesign_low\x64\release\oligodesign_low.iobj
d:\homolib_v2\oligodesign_low\x64\release\oligodesign_low.pdb
d:\homolib_v2\oligodesign_low\x64\release\vc142.pdb
d:\homolib_v2\oligodesign_low\x64\release\oligodesign_low.exe
d:\homolib_v2\oligodesign_low\x64\release\oligodesign_low.tlog\cl.command.1.tlog
d:\homolib_v2\oligodesign_low\x64\release\oligodesign_low.tlog\cl.read.1.tlog
d:\homolib_v2\oligodesign_low\x64\release\oligodesign_low.tlog\cl.write.1.tlog
d:\homolib_v2\oligodesign_low\x64\release\oligodesign_low.tlog\link.command.1.tlog
d:\homolib_v2\oligodesign_low\x64\release\oligodesign_low.tlog\link.read.1.tlog
d:\homolib_v2\oligodesign_low\x64\release\oligodesign_low.tlog\link.write.1.tlog
d:\homolib_v2\oligodesign_low\x64\release\oligodesign_low.tlog\oligodesign_low.write.1u.tlog
